\BOOKMARK [1][-]{section.1}{\376\377\000I\000n\000t\000r\000o\000d\000u\000c\000t\000i\000o\000n}{}% 1
\BOOKMARK [1][-]{section.2}{\376\377\000B\000a\000c\000k\000g\000r\000o\000u\000n\000d}{}% 2
\BOOKMARK [1][-]{section.3}{\376\377\000L\000i\000t\000e\000r\000a\000t\000u\000r\000e\000\040\000R\000e\000v\000i\000e\000w}{}% 3
\BOOKMARK [2][-]{subsection.3.1}{\376\377\000K\000a\000p\000a\000l\000a\000g\000a\000\040\000e\000t\000\040\000a\000l\000.\000\040\000\050\0002\0000\0002\0004\000\051\000\040\040\023\000\040\000A\000\040\000U\000n\000i\000f\000i\000e\000d\000\040\000F\000M\000D\000\040\000D\000a\000t\000a\000s\000e\000t}{section.3}% 4
\BOOKMARK [2][-]{subsection.3.2}{\376\377\000Z\000h\000a\000n\000g\000\040\000e\000t\000\040\000a\000l\000.\000\040\000\050\0002\0000\0002\0003\000\051\000\040\040\023\000\040\000B\000l\000o\000c\000k\000c\000h\000a\000i\000n\000-\000B\000a\000s\000e\000d\000\040\000F\000L}{section.3}% 5
\BOOKMARK [2][-]{subsection.3.3}{\376\377\000T\000e\000o\000\040\000e\000t\000\040\000a\000l\000.\000\040\000\050\0002\0000\0002\0004\000\051\000\040\040\023\000\040\000F\000L\000\040\000i\000n\000\040\000H\000e\000a\000l\000t\000h\000c\000a\000r\000e}{section.3}% 6
\BOOKMARK [2][-]{subsection.3.4}{\376\377\000C\000h\000e\000n\000\040\000e\000t\000\040\000a\000l\000.\000\040\000\050\0002\0000\0002\0004\000\051\000\040\040\023\000\040\000F\000L\000o\000c\000k\000\040\000S\000y\000s\000t\000e\000m}{section.3}% 7
\BOOKMARK [1][-]{section.4}{\376\377\000R\000e\000s\000e\000a\000r\000c\000h\000\040\000G\000a\000p\000s}{}% 8
\BOOKMARK [1][-]{section.5}{\376\377\000P\000r\000o\000b\000l\000e\000m\000\040\000S\000t\000a\000t\000e\000m\000e\000n\000t}{}% 9
\BOOKMARK [1][-]{section.6}{\376\377\000R\000e\000s\000e\000a\000r\000c\000h\000\040\000O\000b\000j\000e\000c\000t\000i\000v\000e\000s}{}% 10
\BOOKMARK [2][-]{subsection.6.1}{\376\377\000M\000a\000i\000n\000\040\000O\000b\000j\000e\000c\000t\000i\000v\000e}{section.6}% 11
\BOOKMARK [2][-]{subsection.6.2}{\376\377\000S\000p\000e\000c\000i\000f\000i\000c\000\040\000O\000b\000j\000e\000c\000t\000i\000v\000e\000s}{section.6}% 12
\BOOKMARK [1][-]{section.7}{\376\377\000R\000e\000s\000e\000a\000r\000c\000h\000\040\000M\000e\000t\000h\000o\000d\000o\000l\000o\000g\000y}{}% 13
\BOOKMARK [2][-]{subsection.7.1}{\376\377\000S\000y\000s\000t\000e\000m\000\040\000A\000r\000c\000h\000i\000t\000e\000c\000t\000u\000r\000e\000\040\000D\000e\000s\000i\000g\000n}{section.7}% 14
\BOOKMARK [2][-]{subsection.7.2}{\376\377\000P\000r\000o\000t\000o\000t\000y\000p\000e\000\040\000I\000m\000p\000l\000e\000m\000e\000n\000t\000a\000t\000i\000o\000n}{section.7}% 15
\BOOKMARK [2][-]{subsection.7.3}{\376\377\000P\000e\000r\000f\000o\000r\000m\000a\000n\000c\000e\000\040\000E\000v\000a\000l\000u\000a\000t\000i\000o\000n}{section.7}% 16
\BOOKMARK [1][-]{section.8}{\376\377\000T\000i\000m\000e\000l\000i\000n\000e\000\040\000a\000n\000d\000\040\000W\000o\000r\000k\000\040\000P\000l\000a\000n}{}% 17
\BOOKMARK [2][-]{subsection.8.1}{\376\377\000P\000h\000a\000s\000e\000\040\0001\000:\000\040\000F\000o\000u\000n\000d\000a\000t\000i\000o\000n\000\040\000\050\000M\000o\000n\000t\000h\000s\000\040\0001\000-\0004\000\051}{section.8}% 18
\BOOKMARK [2][-]{subsection.8.2}{\376\377\000P\000h\000a\000s\000e\000\040\0002\000:\000\040\000B\000u\000i\000l\000d\000i\000n\000g\000\040\000t\000h\000e\000\040\000C\000o\000r\000e\000\040\000\050\000M\000o\000n\000t\000h\000s\000\040\0005\000-\0009\000\051}{section.8}% 19
\BOOKMARK [2][-]{subsection.8.3}{\376\377\000P\000h\000a\000s\000e\000\040\0003\000:\000\040\000M\000a\000k\000i\000n\000g\000\040\000I\000t\000\040\000S\000e\000c\000u\000r\000e\000\040\000\050\000M\000o\000n\000t\000h\000s\000\040\0001\0000\000-\0001\0003\000\051}{section.8}% 20
\BOOKMARK [2][-]{subsection.8.4}{\376\377\000P\000h\000a\000s\000e\000\040\0004\000:\000\040\000M\000a\000k\000i\000n\000g\000\040\000I\000t\000\040\000A\000d\000a\000p\000t\000i\000v\000e\000\040\000\050\000M\000o\000n\000t\000h\000s\000\040\0001\0004\000-\0001\0006\000\051}{section.8}% 21
\BOOKMARK [2][-]{subsection.8.5}{\376\377\000P\000h\000a\000s\000e\000\040\0005\000:\000\040\000M\000a\000k\000i\000n\000g\000\040\000I\000t\000\040\000R\000e\000a\000l\000\040\000\050\000M\000o\000n\000t\000h\000s\000\040\0001\0007\000-\0002\0000\000\051}{section.8}% 22
\BOOKMARK [2][-]{subsection.8.6}{\376\377\000P\000h\000a\000s\000e\000\040\0006\000:\000\040\000T\000e\000s\000t\000i\000n\000g\000\040\000E\000v\000e\000r\000y\000t\000h\000i\000n\000g\000\040\000\050\000M\000o\000n\000t\000h\000s\000\040\0002\0001\000-\0002\0003\000\051}{section.8}% 23
\BOOKMARK [2][-]{subsection.8.7}{\376\377\000P\000h\000a\000s\000e\000\040\0007\000:\000\040\000W\000r\000i\000t\000i\000n\000g\000\040\000a\000n\000d\000\040\000W\000r\000a\000p\000p\000i\000n\000g\000\040\000U\000p\000\040\000\050\000M\000o\000n\000t\000h\000\040\0002\0004\000\051}{section.8}% 24
\BOOKMARK [1][-]{section.9}{\376\377\000E\000x\000p\000e\000c\000t\000e\000d\000\040\000C\000o\000n\000t\000r\000i\000b\000u\000t\000i\000o\000n\000s}{}% 25
\BOOKMARK [2][-]{subsection.9.1}{\376\377\000S\000c\000i\000e\000n\000t\000i\000f\000i\000c\000\040\000C\000o\000n\000t\000r\000i\000b\000u\000t\000i\000o\000n\000s}{section.9}% 26
\BOOKMARK [2][-]{subsection.9.2}{\376\377\000T\000e\000c\000h\000n\000i\000c\000a\000l\000\040\000C\000o\000n\000t\000r\000i\000b\000u\000t\000i\000o\000n\000s}{section.9}% 27
\BOOKMARK [2][-]{subsection.9.3}{\376\377\000P\000r\000a\000c\000t\000i\000c\000a\000l\000\040\000I\000m\000p\000a\000c\000t\000\040\000f\000o\000r\000\040\000U\000g\000a\000n\000d\000a}{section.9}% 28
\BOOKMARK [2][-]{subsection.9.4}{\376\377\000G\000l\000o\000b\000a\000l\000\040\000R\000e\000l\000e\000v\000a\000n\000c\000e}{section.9}% 29
\BOOKMARK [1][-]{section.10}{\376\377\000E\000v\000a\000l\000u\000a\000t\000i\000o\000n\000\040\000M\000e\000t\000r\000i\000c\000s}{}% 30
\BOOKMARK [2][-]{subsection.10.1}{\376\377\000M\000o\000d\000e\000l\000\040\000P\000e\000r\000f\000o\000r\000m\000a\000n\000c\000e\000\040\000M\000e\000t\000r\000i\000c\000s}{section.10}% 31
\BOOKMARK [2][-]{subsection.10.2}{\376\377\000P\000r\000i\000v\000a\000c\000y\000\040\000M\000e\000t\000r\000i\000c\000s}{section.10}% 32
\BOOKMARK [2][-]{subsection.10.3}{\376\377\000F\000a\000i\000r\000n\000e\000s\000s\000\040\000M\000e\000t\000r\000i\000c\000s}{section.10}% 33
\BOOKMARK [2][-]{subsection.10.4}{\376\377\000E\000f\000f\000i\000c\000i\000e\000n\000c\000y\000\040\000M\000e\000t\000r\000i\000c\000s}{section.10}% 34
\BOOKMARK [2][-]{subsection.10.5}{\376\377\000R\000o\000b\000u\000s\000t\000n\000e\000s\000s\000\040\000M\000e\000t\000r\000i\000c\000s}{section.10}% 35
\BOOKMARK [1][-]{section.11}{\376\377\000E\000t\000h\000i\000c\000a\000l\000\040\000C\000o\000n\000s\000i\000d\000e\000r\000a\000t\000i\000o\000n\000s}{}% 36
\BOOKMARK [2][-]{subsection.11.1}{\376\377\000P\000r\000o\000t\000e\000c\000t\000i\000n\000g\000\040\000P\000r\000i\000v\000a\000c\000y}{section.11}% 37
\BOOKMARK [2][-]{subsection.11.2}{\376\377\000I\000n\000f\000o\000r\000m\000e\000d\000\040\000C\000o\000n\000s\000e\000n\000t}{section.11}% 38
\BOOKMARK [2][-]{subsection.11.3}{\376\377\000A\000v\000o\000i\000d\000i\000n\000g\000\040\000H\000a\000r\000m}{section.11}% 39
\BOOKMARK [2][-]{subsection.11.4}{\376\377\000F\000a\000i\000r\000\040\000A\000c\000c\000e\000s\000s\000\040\000t\000o\000\040\000B\000e\000n\000e\000f\000i\000t\000s}{section.11}% 40
\BOOKMARK [2][-]{subsection.11.5}{\376\377\000E\000n\000v\000i\000r\000o\000n\000m\000e\000n\000t\000a\000l\000\040\000R\000e\000s\000p\000o\000n\000s\000i\000b\000i\000l\000i\000t\000y}{section.11}% 41
\BOOKMARK [1][-]{section.12}{\376\377\000S\000c\000o\000p\000e\000\040\000a\000n\000d\000\040\000L\000i\000m\000i\000t\000a\000t\000i\000o\000n\000s}{}% 42
\BOOKMARK [2][-]{subsection.12.1}{\376\377\000R\000e\000s\000e\000a\000r\000c\000h\000\040\000S\000c\000o\000p\000e}{section.12}% 43
\BOOKMARK [2][-]{subsection.12.2}{\376\377\000L\000i\000m\000i\000t\000a\000t\000i\000o\000n\000s}{section.12}% 44
\BOOKMARK [2][-]{subsection.12.3}{\376\377\000F\000u\000t\000u\000r\000e\000\040\000D\000i\000r\000e\000c\000t\000i\000o\000n\000s}{section.12}% 45
\BOOKMARK [1][-]{section.13}{\376\377\000P\000r\000o\000c\000e\000s\000s\000\040\000W\000o\000r\000k\000f\000l\000o\000w}{}% 46
\BOOKMARK [1][-]{section.14}{\376\377\000C\000o\000n\000c\000l\000u\000s\000i\000o\000n}{}% 47
\BOOKMARK [1][-]{section*.1}{\376\377\000R\000e\000f\000e\000r\000e\000n\000c\000e\000s}{}% 48
\BOOKMARK [1][-]{IEEEbiography.0}{\376\377\000B\000i\000o\000g\000r\000a\000p\000h\000i\000e\000s}{}% 49
\BOOKMARK [2][-]{IEEEbiography.1}{\376\377\000M\000u\000h\000i\000n\000d\000o\000\040\000M\000u\000b\000a\000r\000a\000k\000a}{IEEEbiography.0}% 50
